0 info it worked if it ends with ok
1 verbose cli [ 'C:\\nodejs\\\\node.exe',
1 verbose cli   'C:\\nodejs\\node_modules\\npm\\bin\\npm-cli.js',
1 verbose cli   'install',
1 verbose cli   'chartjs' ]
2 info using npm@1.4.9
3 info using node@v0.10.28
4 verbose node symlink C:\nodejs\\node.exe
5 warn package.json killf@0.0.1 No repository field.
6 warn package.json killf@0.0.1 No README data
7 warn package.json mongo@0.1.0 No repository field.
8 warn package.json path@0.11.14 path is also the name of a node core module.
9 verbose readDependencies using package.json deps
10 verbose cache add [ 'chartjs', null ]
11 verbose cache add name=undefined spec="chartjs" args=["chartjs",null]
12 verbose parsed url { protocol: null,
12 verbose parsed url   slashes: null,
12 verbose parsed url   auth: null,
12 verbose parsed url   host: null,
12 verbose parsed url   port: null,
12 verbose parsed url   hostname: null,
12 verbose parsed url   hash: null,
12 verbose parsed url   search: null,
12 verbose parsed url   query: null,
12 verbose parsed url   pathname: 'chartjs',
12 verbose parsed url   path: 'chartjs',
12 verbose parsed url   href: 'chartjs' }
13 silly lockFile 72724107-chartjs chartjs
14 verbose lock chartjs C:\Users\Frank\AppData\Roaming\npm-cache\72724107-chartjs.lock
15 silly lockFile 72724107-chartjs chartjs
16 silly lockFile 72724107-chartjs chartjs
17 verbose addNamed [ 'chartjs', '' ]
18 verbose addNamed [ null, '*' ]
19 silly lockFile 91685b43-chartjs chartjs@
20 verbose lock chartjs@ C:\Users\Frank\AppData\Roaming\npm-cache\91685b43-chartjs.lock
21 silly addNameRange { name: 'chartjs', range: '*', hasData: false }
22 verbose url raw chartjs
23 verbose url resolving [ 'https://registry.npmjs.org/', './chartjs' ]
24 verbose url resolved https://registry.npmjs.org/chartjs
25 info trying registry request attempt 1 at 22:21:04
26 http GET https://registry.npmjs.org/chartjs
27 http 404 https://registry.npmjs.org/chartjs
28 verbose headers { date: 'Tue, 03 Feb 2015 03:20:16 GMT',
28 verbose headers   server: 'CouchDB/1.5.0 (Erlang OTP/R16B03)',
28 verbose headers   'content-type': 'application/json',
28 verbose headers   'cache-control': 'max-age=0',
28 verbose headers   'content-length': '52',
28 verbose headers   'accept-ranges': 'bytes',
28 verbose headers   via: '1.1 varnish',
28 verbose headers   age: '0',
28 verbose headers   'x-served-by': 'cache-jfk1024-JFK',
28 verbose headers   'x-cache': 'MISS',
28 verbose headers   'x-cache-hits': '0',
28 verbose headers   'x-timer': 'S1422933616.044448,VS0,VE90',
28 verbose headers   'keep-alive': 'timeout=10, max=50',
28 verbose headers   connection: 'Keep-Alive' }
29 silly registry.get cb [ 404,
29 silly registry.get   { date: 'Tue, 03 Feb 2015 03:20:16 GMT',
29 silly registry.get     server: 'CouchDB/1.5.0 (Erlang OTP/R16B03)',
29 silly registry.get     'content-type': 'application/json',
29 silly registry.get     'cache-control': 'max-age=0',
29 silly registry.get     'content-length': '52',
29 silly registry.get     'accept-ranges': 'bytes',
29 silly registry.get     via: '1.1 varnish',
29 silly registry.get     age: '0',
29 silly registry.get     'x-served-by': 'cache-jfk1024-JFK',
29 silly registry.get     'x-cache': 'MISS',
29 silly registry.get     'x-cache-hits': '0',
29 silly registry.get     'x-timer': 'S1422933616.044448,VS0,VE90',
29 silly registry.get     'keep-alive': 'timeout=10, max=50',
29 silly registry.get     connection: 'Keep-Alive' } ]
30 silly lockFile 91685b43-chartjs chartjs@
31 silly lockFile 91685b43-chartjs chartjs@
32 error 404 404 Not Found: chartjs
32 error 404
32 error 404 'chartjs' is not in the npm registry.
32 error 404 You should bug the author to publish it
32 error 404 It was specified as a dependency of 'killf'
32 error 404
32 error 404 Note that you can also install from a
32 error 404 tarball, folder, or http url, or git url.
33 error System Windows_NT 6.1.7601
34 error command "C:\\nodejs\\\\node.exe" "C:\\nodejs\\node_modules\\npm\\bin\\npm-cli.js" "install" "chartjs"
35 error cwd D:\scorerun\killf
36 error node -v v0.10.28
37 error npm -v 1.4.9
38 error code E404
39 verbose exit [ 1, true ]
